PDO::exec(): Argument #1 ($statement) cannot be emptySQLSTATE[42000]: Syntax error or access violation: 1064 You have an error in your SQL syntax; check the manual that corresponds to your MySQL server version for the right syntax to use near 'PRIMARY KEY (id)
            )' at line 6SQLSTATE[HY093]: Invalid parameter number#0 /var/www/html/src/models/CustomerModel.php(28): PDOStatement->bindParam(1, '')
#1 /var/www/html/src/controllers/CustomerController.php(27): App\models\CustomerModel->findAll()
#2 /var/www/html/public/index.php(51): App\controllers\CustomerController->listAction()
#3 {main}SQLSTATE[HY093]: Invalid parameter number#0 /var/www/html/src/models/CustomerModel.php(29): PDOStatement->bindParam(1, '', 2, 4000)
#1 /var/www/html/src/controllers/CustomerController.php(27): App\models\CustomerModel->findAll()
#2 /var/www/html/public/index.php(51): App\controllers\CustomerController->listAction()
#3 {main}SQLSTATE[42000]: Syntax error or access violation: 1064 You have an error in your SQL syntax; check the manual that corresponds to your MySQL server version for the right syntax to use near '{call GetAllCustomers ()}' at line 1#0 /var/www/html/src/models/CustomerModel.php(31): PDO->prepare('{call GetAllCus...')
#1 /var/www/html/src/controllers/CustomerController.php(27): App\models\CustomerModel->findAll()
#2 /var/www/html/public/index.php(51): App\controllers\CustomerController->listAction()
#3 {main}SQLSTATE[42000]: Syntax error or access violation: 1064 You have an error in your SQL syntax; check the manual that corresponds to your MySQL server version for the right syntax to use near '{call GetAllCustomers()}' at line 1#0 /var/www/html/src/models/CustomerModel.php(31): PDO->prepare('{call GetAllCus...')
#1 /var/www/html/src/controllers/CustomerController.php(27): App\models\CustomerModel->findAll()
#2 /var/www/html/public/index.php(51): App\controllers\CustomerController->listAction()
#3 {main}SQLSTATE[42000]: Syntax error or access violation: 1064 You have an error in your SQL syntax; check the manual that corresponds to your MySQL server version for the right syntax to use near 'IF NOT EXISTS GetAllCustomers()
            BEGIN
                SELECT *  FROM' at line 1SQLSTATE[42S22]: Column not found: 1054 Unknown column 'NYC' in 'field list'#0 /var/www/html/src/models/BaseModel.php(22): PDO->query('call GetCustome...')
#1 /var/www/html/src/models/CustomerModel.php(19): App\models\BaseModel->executeGetStoredProcedure('call GetCustome...')
#2 /var/www/html/src/controllers/CustomerController.php(27): App\models\CustomerModel->findAll()
#3 /var/www/html/public/index.php(51): App\controllers\CustomerController->listAction()
#4 {main}SQLSTATE[42S22]: Column not found: 1054 Unknown column 'NYC' in 'field list'#0 /var/www/html/src/models/BaseModel.php(22): PDO->query('call GetCustome...')
#1 /var/www/html/src/models/CustomerModel.php(19): App\models\BaseModel->executeGetStoredProcedure('call GetCustome...')
#2 /var/www/html/src/controllers/CustomerController.php(27): App\models\CustomerModel->findAll()
#3 /var/www/html/public/index.php(51): App\controllers\CustomerController->listAction()
#4 {main}SQLSTATE[42S22]: Column not found: 1054 Unknown column 'NYC' in 'field list'#0 /var/www/html/src/models/BaseModel.php(22): PDO->query('call GetCustome...')
#1 /var/www/html/src/models/CustomerModel.php(19): App\models\BaseModel->executeGetStoredProcedure('call GetCustome...')
#2 /var/www/html/src/controllers/CustomerController.php(27): App\models\CustomerModel->findAll()
#3 /var/www/html/public/index.php(51): App\controllers\CustomerController->listAction()
#4 {main}SQLSTATE[42S22]: Column not found: 1054 Unknown column 'NYC' in 'field list'#0 /var/www/html/src/models/BaseModel.php(22): PDO->query('call GetCustome...')
#1 /var/www/html/src/models/CustomerModel.php(19): App\models\BaseModel->executeGetStoredProcedure('call GetCustome...')
#2 /var/www/html/src/controllers/CustomerController.php(27): App\models\CustomerModel->findAll()
#3 /var/www/html/public/index.php(51): App\controllers\CustomerController->listAction()
#4 {main}SQLSTATE[42S22]: Column not found: 1054 Unknown column 'NYC' in 'field list'#0 /var/www/html/src/models/BaseModel.php(22): PDO->query('call GetCustome...')
#1 /var/www/html/src/models/CustomerModel.php(19): App\models\BaseModel->executeGetStoredProcedure('call GetCustome...')
#2 /var/www/html/src/controllers/CustomerController.php(27): App\models\CustomerModel->findAll()
#3 /var/www/html/public/index.php(51): App\controllers\CustomerController->listAction()
#4 {main}